Registered S3 methods overwritten by 'ggplot2':
  method         from 
  [.quosures     rlang
  c.quosures     rlang
  print.quosures rlang
── Attaching packages ─────────────────────────────────────── tidyverse 1.2.1 ──
✔ ggplot2 3.1.1     ✔ purrr   0.3.2
✔ tibble  2.1.1     ✔ dplyr   0.8.1
✔ tidyr   0.8.3     ✔ stringr 1.4.0
✔ readr   1.3.1     ✔ forcats 0.4.0
── Conflicts ────────────────────────────────────────── tidyverse_conflicts() ──
✖ dplyr::filter() masks stats::filter()
✖ dplyr::lag()    masks stats::lag()
[Tune] Started tuning learner stack for parameter set:
                           Type len Def     Constr Req Tunable Trafo
regr.glmnet.alpha       numeric   -   -     0 to 1   -    TRUE     -
regr.kknn.k             numeric   -   -     1 to 5   -    TRUE     -
regr.ksvm.C             numeric   -   -     1 to 5   -    TRUE     -
regr.ksvm.kernel       discrete   -   - vanilladot   -    TRUE     -
regr.randomForest.mtry  numeric   -   -    1 to 10   -    TRUE     -
With control class: TuneControlGrid
Imputation value: Inf
[Tune-x] 1: regr.glmnet.alpha=0; regr.kknn.k=1; regr.ksvm.C=1; regr.ksvm.kernel=vanilladot; regr.randomForest.mtry=1
Loading required package: mboost
Loading required package: parallel
Loading required package: stabs

Attaching package: ‘stabs’

The following object is masked from ‘package:mlr’:

    subsample

This is mboost 2.9-1. See ‘package?mboost’ and ‘news(package  = "mboost")’
for a complete list of changes.


Attaching package: ‘mboost’

The following object is masked from ‘package:tidyr’:

    extract

The following object is masked from ‘package:ggplot2’:

    %+%

[Tune-y] 1: my.covarbal.test.mean=-0.0444637; time: 4.9 min
[Tune] Result: regr.glmnet.alpha=0; regr.kknn.k=1; regr.ksvm.C=1; regr.ksvm.kernel=vanilladot; regr.randomForest.mtry=1 : my.covarbal.test.mean=-0.0444637
There were 48 warnings (use warnings() to see them)
